Using pre-set license
Built from '2021.3/staging' branch; Version is '2021.3.13f1 (9e7d58001ecf) revision 10386776'; Using compiler version '192829333'; Build Type 'Release'
OS: 'Windows 10  (10.0.19045) 64bit Enterprise' Language: 'en' Physical Memory: 15920 MB
BatchMode: 1, IsHumanControllingUs: 0, StartBugReporterOnCrash: 0, Is64bit: 1, IsPro: 1

COMMAND LINE ARGUMENTS:
C:\Program Files\Unity 2021.3.13f1\Editor\Unity.exe
-adb2
-batchMode
-noUpm
-name
AssetImportWorker0
-projectPath
C:/Users/20193308/Desktop/Game/Game 1
-logFile
Logs/AssetImportWorker0.log
-srvPort
58685
Successfully changed project path to: C:/Users/20193308/Desktop/Game/Game 1
C:/Users/20193308/Desktop/Game/Game 1
[UnityMemory] Configuration Parameters - Can be set up in boot.config
    "memorysetup-bucket-allocator-granularity=16"
    "memorysetup-bucket-allocator-bucket-count=8"
    "memorysetup-bucket-allocator-block-size=33554432"
    "memorysetup-bucket-allocator-block-count=8"
    "memorysetup-main-allocator-block-size=16777216"
    "memorysetup-thread-allocator-block-size=16777216"
    "memorysetup-gfx-main-allocator-block-size=16777216"
    "memorysetup-gfx-thread-allocator-block-size=16777216"
    "memorysetup-cache-allocator-block-size=4194304"
    "memorysetup-typetree-allocator-block-size=2097152"
    "memorysetup-profiler-bucket-allocator-granularity=16"
    "memorysetup-profiler-bucket-allocator-bucket-count=8"
    "memorysetup-profiler-bucket-allocator-block-size=33554432"
    "memorysetup-profiler-bucket-allocator-block-count=8"
    "memorysetup-profiler-allocator-block-size=16777216"
    "memorysetup-profiler-editor-allocator-block-size=1048576"
    "memorysetup-temp-allocator-size-main=16777216"
    "memorysetup-job-temp-allocator-block-size=2097152"
    "memorysetup-job-temp-allocator-block-size-background=1048576"
    "memorysetup-job-temp-allocator-reduction-small-platforms=262144"
    "memorysetup-temp-allocator-size-background-worker=32768"
    "memorysetup-temp-allocator-size-job-worker=262144"
    "memorysetup-temp-allocator-size-preload-manager=33554432"
    "memorysetup-temp-allocator-size-nav-mesh-worker=65536"
    "memorysetup-temp-allocator-size-audio-worker=65536"
    "memorysetup-temp-allocator-size-cloud-worker=32768"
    "memorysetup-temp-allocator-size-gi-baking-worker=262144"
    "memorysetup-temp-allocator-size-gfx=262144"
Refreshing native plugins compatible for Editor in 118.09 ms, found 4 plugins.
Preloading 0 native plugins for Editor in 0.00 ms.
Initialize engine version: 2021.3.13f1 (9e7d58001ecf)
[Subsystems] Discovering subsystems at path C:/Program Files/Unity 2021.3.13f1/Editor/Data/Resources/UnitySubsystems
[Subsystems] Discovering subsystems at path C:/Users/20193308/Desktop/Game/Game 1/Assets
GfxDevice: creating device client; threaded=0; jobified=0
Direct3D:
    Version:  Direct3D 11.0 [level 11.1]
    Renderer: NVIDIA Quadro P1000 (ID=0x1cbb)
    Vendor:   NVIDIA
    VRAM:     4019 MB
    Driver:   30.0.14.7141
Initialize mono
Mono path[0] = 'C:/Program Files/Unity 2021.3.13f1/Editor/Data/Managed'
Mono path[1] = 'C:/Program Files/Unity 2021.3.13f1/Editor/Data/MonoBleedingEdge/lib/mono/unityjit-win32'
Mono config path = 'C:/Program Files/Unity 2021.3.13f1/Editor/Data/MonoBleedingEdge/etc'
Using monoOptions --debugger-agent=transport=dt_socket,embedding=1,server=y,suspend=n,address=127.0.0.1:56516
Begin MonoManager ReloadAssembly
Registering precompiled unity dll's ...
Register platform support module: C:/Program Files/Unity 2021.3.13f1/Editor/Data/PlaybackEngines/WindowsStandaloneSupport/UnityEditor.WindowsStandalone.Extensions.dll
Registered in 0.005219 seconds.
Native extension for WindowsStandalone target not found
Refreshing native plugins compatible for Editor in 111.08 ms, found 4 plugins.
Preloading 0 native plugins for Editor in 0.00 ms.
Mono: successfully reloaded assembly
- Completed reload, in  0.715 seconds
Domain Reload Profiling:
	ReloadAssembly (716ms)
		BeginReloadAssembly (77ms)
			ExecutionOrderSort (0ms)
			DisableScriptedObjects (0ms)
			BackupInstance (0ms)
			ReleaseScriptingObjects (0ms)
			CreateAndSetChildDomain (1ms)
		EndReloadAssembly (530ms)
			LoadAssemblies (74ms)
			RebuildTransferFunctionScriptingTraits (0ms)
			SetupTypeCache (110ms)
			ReleaseScriptCaches (0ms)
			RebuildScriptCaches (30ms)
			SetupLoadedEditorAssemblies (339ms)
				LogAssemblyErrors (0ms)
				InitializePlatformSupportModulesInManaged (7ms)
				SetLoadedEditorAssemblies (0ms)
				RefreshPlugins (111ms)
				BeforeProcessingInitializeOnLoad (1ms)
				ProcessInitializeOnLoadAttributes (154ms)
				ProcessInitializeOnLoadMethodAttributes (65ms)
				AfterProcessingInitializeOnLoad (0ms)
				EditorAssembliesLoaded (0ms)
			ExecutionOrderSort2 (0ms)
			AwakeInstancesAfterBackupRestoration (0ms)
Platform modules already initialized, skipping
Registering precompiled user dll's ...
Registered in 0.009809 seconds.
Begin MonoManager ReloadAssembly
Symbol file LoadedFromMemory doesn't match image C:\Users\20193308\Desktop\Game\Game 1\Library\PackageCache\com.unity.visualscripting@1.7.8\Editor\VisualScripting.Core\Dependencies\YamlDotNet\Unity.VisualScripting.YamlDotNet.dll
Symbol file LoadedFromMemory doesn't match image C:\Users\20193308\Desktop\Game\Game 1\Library\PackageCache\com.unity.visualscripting@1.7.8\Editor\VisualScripting.Core\Dependencies\DotNetZip\Unity.VisualScripting.IonicZip.dll
Native extension for WindowsStandalone target not found
Refreshing native plugins compatible for Editor in 111.75 ms, found 4 plugins.
Preloading 0 native plugins for Editor in 0.00 ms.
Mono: successfully reloaded assembly
- Completed reload, in  1.272 seconds
Domain Reload Profiling:
	ReloadAssembly (1272ms)
		BeginReloadAssembly (115ms)
			ExecutionOrderSort (0ms)
			DisableScriptedObjects (6ms)
			BackupInstance (0ms)
			ReleaseScriptingObjects (0ms)
			CreateAndSetChildDomain (20ms)
		EndReloadAssembly (1040ms)
			LoadAssemblies (102ms)
			RebuildTransferFunctionScriptingTraits (0ms)
			SetupTypeCache (258ms)
			ReleaseScriptCaches (1ms)
			RebuildScriptCaches (59ms)
			SetupLoadedEditorAssemblies (578ms)
				LogAssemblyErrors (0ms)
				InitializePlatformSupportModulesInManaged (4ms)
				SetLoadedEditorAssemblies (0ms)
				RefreshPlugins (112ms)
				BeforeProcessingInitializeOnLoad (111ms)
				ProcessInitializeOnLoadAttributes (300ms)
				ProcessInitializeOnLoadMethodAttributes (42ms)
				AfterProcessingInitializeOnLoad (9ms)
				EditorAssembliesLoaded (0ms)
			ExecutionOrderSort2 (0ms)
			AwakeInstancesAfterBackupRestoration (7ms)
Platform modules already initialized, skipping
========================================================================
Worker process is ready to serve import requests
Failed to load shader (instanceID 412, GUID dd89cf5b9246416f84610a006f916af7)
Failed to load shader (instanceID 434, GUID e4e5d566a8aa9914c906555a6857fcb9)
Failed to load shader (instanceID 414, GUID 14eb328de4b8eb245bb7cea29e4ac00b)
Failed to load shader (instanceID 416, GUID 68e6db2ebdc24f95958faec2be5558d6)
Failed to load shader (instanceID 418, GUID bc1ede39bf3643ee8e493720e4259791)
Failed to load shader (instanceID 408, GUID fe393ace9b354375a9cb14cdbbc28be4)
Failed to load shader (instanceID 410, GUID cf81c85f95fe47e1a27f6ae460cf182c)
Failed to load shader (instanceID 420, GUID 48bb5f55d8670e349b6e614913f9d910)
Failed to load shader (instanceID 422, GUID 85187c2149c549c5b33f0cdb02836b17)
Failed to load shader (instanceID 424, GUID 128e987d567d4e2c824d754223b3f3b0)
Failed to load shader (instanceID 432, GUID f7ada0af4f174f0694ca6a487b8f543d)
Failed to load shader (instanceID 428, GUID a02a7d8c237544f1962732b55a9aebf1)
Failed to load shader (instanceID 430, GUID c8d12adcee749c344b8117cf7c7eb912)
Failed to load shader (instanceID 426, GUID 1e3b057af24249748ff873be7fafee47)
Launched and connected shader compiler UnityShaderCompiler.exe after 0.04 seconds
Refreshing native plugins compatible for Editor in 0.85 ms, found 4 plugins.
Preloading 0 native plugins for Editor in 0.00 ms.
Unloading 4392 Unused Serialized files (Serialized files now loaded: 0)
Unloading 42 unused Assets / (88.0 KB). Loaded Objects now: 4851.
Memory consumption went from 164.2 MB to 164.2 MB.
Total: 3.910400 ms (FindLiveObjects: 0.389600 ms CreateObjectMapping: 0.296000 ms MarkObjects: 3.090300 ms  DeleteObjects: 0.133400 ms)

AssetImportParameters requested are different than current active one (requested -> active):
  custom:video-decoder-ogg-theora: a1e56fd34408186e4bbccfd4996cb3dc -> 
  custom:container-muxer-webm: aa71ff27fc2769a1b78a27578f13a17b -> 
  custom:container-demuxer-webm: 4f35f7cbe854078d1ac9338744f61a02 -> 
  custom:video-encoder-webm-vp8: eb34c28f22e8b96e1ab97ce403110664 -> 
  custom:video-codec-MediaFoundation-h265: e54d7ab0439102e2317fc1e4b246158d -> 
  custom:audio-encoder-webm-vorbis: bf7c407c2cedff20999df2af8eb42d56 -> 
  custom:framework-win-MediaFoundation: 216162199b28c13a410421893ffa2e32 -> 
  custom:container-demuxer-ogg: 62fdf1f143b41e24485cea50d1cbac27 -> 
  custom:video-decoder-webm-vp8: 9c59270c3fd7afecdb556c50c9e8de78 -> 
  custom:audio-decoder-ogg-vorbis: bf7c407c2cedff20999df2af8eb42d56 -> 
========================================================================
Received Import Request.
  Time since last request: 184099.737076 seconds.
  path: Assets/Asset packs/Modern tiles_Free/Characters_free/Adam_idle_16x16.png
  artifactKey: Guid(9951880f38fa09a44ba004dc7b0ad5d4) Importer(815301076,1909f56bfc062723c751e8b465ee728b)
Start importing Assets/Asset packs/Modern tiles_Free/Characters_free/Adam_idle_16x16.png using Guid(9951880f38fa09a44ba004dc7b0ad5d4) Importer(815301076,1909f56bfc062723c751e8b465ee728b)  -> (artifact id: 'c8b6a56989892ed4adc3dfb31303feca') in 0.130382 seconds 
========================================================================
Received Import Request.
  Time since last request: 0.000021 seconds.
  path: Assets/Asset packs/Modern tiles_Free/Characters_free/Adam_16x16.png
  artifactKey: Guid(a5ec6b82f7e518440a0f685f232d7a8f) Importer(815301076,1909f56bfc062723c751e8b465ee728b)
Start importing Assets/Asset packs/Modern tiles_Free/Characters_free/Adam_16x16.png using Guid(a5ec6b82f7e518440a0f685f232d7a8f) Importer(815301076,1909f56bfc062723c751e8b465ee728b)  -> (artifact id: '18b6605f6f27c880851f31d17af652ed') in 0.013191 seconds 
========================================================================
Received Import Request.
  Time since last request: 65.518136 seconds.
  path: Assets/Asset packs/Modern tiles_Free/Characters_free/Adam_run_16x16.png
  artifactKey: Guid(2773f42026b0af046a23fd5f2840090f) Importer(815301076,1909f56bfc062723c751e8b465ee728b)
Start importing Assets/Asset packs/Modern tiles_Free/Characters_free/Adam_run_16x16.png using Guid(2773f42026b0af046a23fd5f2840090f) Importer(815301076,1909f56bfc062723c751e8b465ee728b)  -> (artifact id: '7ff091156665fbcf62ceca3a7bab51eb') in 0.013636 seconds 
========================================================================
Received Import Request.
  Time since last request: 0.028867 seconds.
  path: Assets/Asset packs/Modern tiles_Free/Characters_free/Adam_sit3_16x16.png
  artifactKey: Guid(352e5849fe87f924a9ec0337946d8792) Importer(815301076,1909f56bfc062723c751e8b465ee728b)
Start importing Assets/Asset packs/Modern tiles_Free/Characters_free/Adam_sit3_16x16.png using Guid(352e5849fe87f924a9ec0337946d8792) Importer(815301076,1909f56bfc062723c751e8b465ee728b)  -> (artifact id: '63f91a2d56ae7adddcd306d5feb460af') in 0.013282 seconds 
========================================================================
Received Import Request.
  Time since last request: 0.015586 seconds.
  path: Assets/Asset packs/Modern tiles_Free/Characters_free/Adam_sit_16x16.png
  artifactKey: Guid(33914feec4edb01469b1bc95b96235d5) Importer(815301076,1909f56bfc062723c751e8b465ee728b)
Start importing Assets/Asset packs/Modern tiles_Free/Characters_free/Adam_sit_16x16.png using Guid(33914feec4edb01469b1bc95b96235d5) Importer(815301076,1909f56bfc062723c751e8b465ee728b)  -> (artifact id: '514e5f185b4f3a1544ea307dfc77f776') in 0.012901 seconds 
========================================================================
Received Import Request.
  Time since last request: 0.285418 seconds.
  path: Assets/Asset packs/Modern tiles_Free/Characters_free/Alex_16x16.png
  artifactKey: Guid(7068c3cd8f214184294a3ba07ceb91cc) Importer(815301076,1909f56bfc062723c751e8b465ee728b)
Start importing Assets/Asset packs/Modern tiles_Free/Characters_free/Alex_16x16.png using Guid(7068c3cd8f214184294a3ba07ceb91cc) Importer(815301076,1909f56bfc062723c751e8b465ee728b)  -> (artifact id: '13ea83ba646cffc0f3f58c4678f2713d') in 0.011306 seconds 
========================================================================
Received Import Request.
  Time since last request: 0.013494 seconds.
  path: Assets/Asset packs/Modern tiles_Free/Characters_free/Alex_idle_16x16.png
  artifactKey: Guid(eb9e4df8bbc672b46a7bfe986eb16b34) Importer(815301076,1909f56bfc062723c751e8b465ee728b)
Start importing Assets/Asset packs/Modern tiles_Free/Characters_free/Alex_idle_16x16.png using Guid(eb9e4df8bbc672b46a7bfe986eb16b34) Importer(815301076,1909f56bfc062723c751e8b465ee728b)  -> (artifact id: '6f0de56581b5efcbe4c02c0cd33f9c3f') in 0.012686 seconds 
========================================================================
Received Import Request.
  Time since last request: 0.341103 seconds.
  path: Assets/Asset packs/Modern tiles_Free/Characters_free/Alex_phone_16x16.png
  artifactKey: Guid(4f2e9bc21f743e54295400a55ef38d7d) Importer(815301076,1909f56bfc062723c751e8b465ee728b)
Start importing Assets/Asset packs/Modern tiles_Free/Characters_free/Alex_phone_16x16.png using Guid(4f2e9bc21f743e54295400a55ef38d7d) Importer(815301076,1909f56bfc062723c751e8b465ee728b)  -> (artifact id: '97f0c178a5ee7ee733d6eade7f6e7688') in 0.015147 seconds 
========================================================================
Received Import Request.
  Time since last request: 0.016893 seconds.
  path: Assets/Asset packs/Modern tiles_Free/Characters_free/Alex_sit2_16x16.png
  artifactKey: Guid(9f0fc1ca2667f864b9db2263fbc45d4f) Importer(815301076,1909f56bfc062723c751e8b465ee728b)
Start importing Assets/Asset packs/Modern tiles_Free/Characters_free/Alex_sit2_16x16.png using Guid(9f0fc1ca2667f864b9db2263fbc45d4f) Importer(815301076,1909f56bfc062723c751e8b465ee728b)  -> (artifact id: 'd07de71e7b1dbd08ddc023bb70357be1') in 0.014354 seconds 
========================================================================
Received Import Request.
  Time since last request: 0.000021 seconds.
  path: Assets/Asset packs/Modern tiles_Free/Characters_free/Alex_sit3_16x16.png
  artifactKey: Guid(22ac8005d9a51aa419fead4d858da6b5) Importer(815301076,1909f56bfc062723c751e8b465ee728b)
Start importing Assets/Asset packs/Modern tiles_Free/Characters_free/Alex_sit3_16x16.png using Guid(22ac8005d9a51aa419fead4d858da6b5) Importer(815301076,1909f56bfc062723c751e8b465ee728b)  -> (artifact id: 'aa659db2b9105a3fcdfef3d10109e147') in 0.012794 seconds 
========================================================================
Received Import Request.
  Time since last request: 4.934359 seconds.
  path: Assets/Asset packs/Modern tiles_Free/Characters_free/Amelia_sit2_16x16.png
  artifactKey: Guid(79b2ed898d2d2ba48b05e5581280dca6) Importer(815301076,1909f56bfc062723c751e8b465ee728b)
Start importing Assets/Asset packs/Modern tiles_Free/Characters_free/Amelia_sit2_16x16.png using Guid(79b2ed898d2d2ba48b05e5581280dca6) Importer(815301076,1909f56bfc062723c751e8b465ee728b)  -> (artifact id: '6a93839bb8776b64f7b42a205c804db9') in 0.017069 seconds 
========================================================================
Received Import Request.
  Time since last request: 0.001202 seconds.
  path: Assets/Asset packs/Modern tiles_Free/Characters_free/Bob_idle_anim_16x16.png
  artifactKey: Guid(d6063ce0936e8d640bd40fc7c563ab9a) Importer(815301076,1909f56bfc062723c751e8b465ee728b)
Start importing Assets/Asset packs/Modern tiles_Free/Characters_free/Bob_idle_anim_16x16.png using Guid(d6063ce0936e8d640bd40fc7c563ab9a) Importer(815301076,1909f56bfc062723c751e8b465ee728b)  -> (artifact id: '05b54b6f8fe7ed318ea7bb4e292dbb84') in 0.020372 seconds 
========================================================================
Received Import Request.
  Time since last request: 0.000031 seconds.
  path: Assets/Asset packs/Modern tiles_Free/Characters_free/Bob_16x16.png
  artifactKey: Guid(1d5d1eeb7eea3394bab1465a79788ca2) Importer(815301076,1909f56bfc062723c751e8b465ee728b)
Start importing Assets/Asset packs/Modern tiles_Free/Characters_free/Bob_16x16.png using Guid(1d5d1eeb7eea3394bab1465a79788ca2) Importer(815301076,1909f56bfc062723c751e8b465ee728b)  -> (artifact id: '261dde8d526db20914137c4636dbcd44') in 0.016859 seconds 
========================================================================
Received Import Request.
  Time since last request: 0.000026 seconds.
  path: Assets/Asset packs/Modern tiles_Free/Characters_free/Bob_phone_16x16.png
  artifactKey: Guid(08f791866460efb4c95931e4e05163d3) Importer(815301076,1909f56bfc062723c751e8b465ee728b)
Start importing Assets/Asset packs/Modern tiles_Free/Characters_free/Bob_phone_16x16.png using Guid(08f791866460efb4c95931e4e05163d3) Importer(815301076,1909f56bfc062723c751e8b465ee728b)  -> (artifact id: '339aac871fe267c7da5ff2a312f44301') in 0.027809 seconds 
========================================================================
Received Import Request.
  Time since last request: 0.428745 seconds.
  path: Assets/Asset packs/Modern tiles_Free/Characters_free/Bob_sit3_16x16.png
  artifactKey: Guid(d3a5097f38fddb5448ed9bc19e83858d) Importer(815301076,1909f56bfc062723c751e8b465ee728b)
Start importing Assets/Asset packs/Modern tiles_Free/Characters_free/Bob_sit3_16x16.png using Guid(d3a5097f38fddb5448ed9bc19e83858d) Importer(815301076,1909f56bfc062723c751e8b465ee728b)  -> (artifact id: 'addb65f393a454d9eade75d90c3edc1d') in 0.016555 seconds 
========================================================================
Received Import Request.
  Time since last request: 2.135794 seconds.
  path: Assets/Asset packs/Modern tiles_Free/Old/idle_16x16_2.png
  artifactKey: Guid(858f8d5615707c64b82a630c7cc6b9fd) Importer(815301076,1909f56bfc062723c751e8b465ee728b)
Start importing Assets/Asset packs/Modern tiles_Free/Old/idle_16x16_2.png using Guid(858f8d5615707c64b82a630c7cc6b9fd) Importer(815301076,1909f56bfc062723c751e8b465ee728b)  -> (artifact id: '00f854cb7be1ae6ec8c2dbdcc7180b2c') in 0.014077 seconds 
========================================================================
Received Import Request.
  Time since last request: 0.000042 seconds.
  path: Assets/Asset packs/Modern tiles_Free/Old/Tileset_16x16_2.png
  artifactKey: Guid(9854cac20a6f776429c341d2f4eeb9e9) Importer(815301076,1909f56bfc062723c751e8b465ee728b)
Start importing Assets/Asset packs/Modern tiles_Free/Old/Tileset_16x16_2.png using Guid(9854cac20a6f776429c341d2f4eeb9e9) Importer(815301076,1909f56bfc062723c751e8b465ee728b)  -> (artifact id: '4673b756887c20f83d0da2f67b82a0bd') in 0.020284 seconds 
========================================================================
Received Import Request.
  Time since last request: 0.000046 seconds.
  path: Assets/Asset packs/Modern tiles_Free/Old/run_horizontal_16x16_2.png
  artifactKey: Guid(a43b5f9f53b355d4e993391d13218437) Importer(815301076,1909f56bfc062723c751e8b465ee728b)
Start importing Assets/Asset packs/Modern tiles_Free/Old/run_horizontal_16x16_2.png using Guid(a43b5f9f53b355d4e993391d13218437) Importer(815301076,1909f56bfc062723c751e8b465ee728b)  -> (artifact id: '47b19b7d15e609a1afa25ec518015d35') in 0.019141 seconds 
========================================================================
Received Import Request.
  Time since last request: 0.000024 seconds.
  path: Assets/Asset packs/Modern tiles_Free/Old/run_horizontal_32x32_2.png
  artifactKey: Guid(c10c783c2ad52454c8a39a21c42b4d01) Importer(815301076,1909f56bfc062723c751e8b465ee728b)
Start importing Assets/Asset packs/Modern tiles_Free/Old/run_horizontal_32x32_2.png using Guid(c10c783c2ad52454c8a39a21c42b4d01) Importer(815301076,1909f56bfc062723c751e8b465ee728b)  -> (artifact id: 'be7d7bd9e3825543c147bf6e7ff9b304') in 0.015813 seconds 
========================================================================
Received Import Request.
  Time since last request: 0.821363 seconds.
  path: Assets/Asset packs/Modern tiles_Free/Old/Tileset_16x16_3.png
  artifactKey: Guid(e655dadc4e1ab454ba6c0a6ff819e7db) Importer(815301076,1909f56bfc062723c751e8b465ee728b)
Start importing Assets/Asset packs/Modern tiles_Free/Old/Tileset_16x16_3.png using Guid(e655dadc4e1ab454ba6c0a6ff819e7db) Importer(815301076,1909f56bfc062723c751e8b465ee728b)  -> (artifact id: '73a274268472e2bfa22f4efb050fe1a3') in 0.015952 seconds 
========================================================================
Received Import Request.
  Time since last request: 0.000877 seconds.
  path: Assets/Asset packs/Modern tiles_Free/Old/Tileset_16x16_16.png
  artifactKey: Guid(4d1a44cf7e3600e41aaaaf8f6e9fbd92) Importer(815301076,1909f56bfc062723c751e8b465ee728b)
Start importing Assets/Asset packs/Modern tiles_Free/Old/Tileset_16x16_16.png using Guid(4d1a44cf7e3600e41aaaaf8f6e9fbd92) Importer(815301076,1909f56bfc062723c751e8b465ee728b)  -> (artifact id: '23d27216c9dc52b9424c11f6d7ae91d7') in 0.018497 seconds 
========================================================================
Received Import Request.
  Time since last request: 0.012909 seconds.
  path: Assets/Asset packs/Modern tiles_Free/Old/Tileset_32x32_2.png
  artifactKey: Guid(4dd968874838d6042ac754c44874ac0a) Importer(815301076,1909f56bfc062723c751e8b465ee728b)
Start importing Assets/Asset packs/Modern tiles_Free/Old/Tileset_32x32_2.png using Guid(4dd968874838d6042ac754c44874ac0a) Importer(815301076,1909f56bfc062723c751e8b465ee728b)  -> (artifact id: '951d3ff850ffdeaa5de987231533b9ab') in 0.015460 seconds 
========================================================================
Received Import Request.
  Time since last request: 0.000051 seconds.
  path: Assets/Asset packs/Modern tiles_Free/Old/Tileset_32x32_9.png
  artifactKey: Guid(dcf39dd09a842934db6dbd26c65dac28) Importer(815301076,1909f56bfc062723c751e8b465ee728b)
Start importing Assets/Asset packs/Modern tiles_Free/Old/Tileset_32x32_9.png using Guid(dcf39dd09a842934db6dbd26c65dac28) Importer(815301076,1909f56bfc062723c751e8b465ee728b)  -> (artifact id: 'b98de38383aedeeb19d732f7b985238f') in 0.017077 seconds 
========================================================================
Received Import Request.
  Time since last request: 0.345564 seconds.
  path: Assets/Asset packs/Modern tiles_Free/Old/Tileset_48x48_1.png
  artifactKey: Guid(0bac4cdcb21e72e4185043ee92c23348) Importer(815301076,1909f56bfc062723c751e8b465ee728b)
Start importing Assets/Asset packs/Modern tiles_Free/Old/Tileset_48x48_1.png using Guid(0bac4cdcb21e72e4185043ee92c23348) Importer(815301076,1909f56bfc062723c751e8b465ee728b)  -> (artifact id: '8591812cb9ffb8e240eb3c79b4d5e0dd') in 0.018438 seconds 
========================================================================
Received Import Request.
  Time since last request: 0.892260 seconds.
  path: Assets/Asset packs/Modern tiles_Free/Old/Tileset_48x48_16.png
  artifactKey: Guid(e2402e24d9abaf3438b3f7c98879ad96) Importer(815301076,1909f56bfc062723c751e8b465ee728b)
Start importing Assets/Asset packs/Modern tiles_Free/Old/Tileset_48x48_16.png using Guid(e2402e24d9abaf3438b3f7c98879ad96) Importer(815301076,1909f56bfc062723c751e8b465ee728b)  -> (artifact id: 'ba62a0ac04dab683cb93d7e70fe10f56') in 0.015071 seconds 
========================================================================
Received Import Request.
  Time since last request: 30.873269 seconds.
  path: Assets/Asset packs/Modern tiles_Free/Interiors_free/16x16/MordernInteriors.prefab
  artifactKey: Guid(6ebf4ec346d8e57459438eb34c8bd825) Importer(815301076,1909f56bfc062723c751e8b465ee728b)
Start importing Assets/Asset packs/Modern tiles_Free/Interiors_free/16x16/MordernInteriors.prefab using Guid(6ebf4ec346d8e57459438eb34c8bd825) Importer(815301076,1909f56bfc062723c751e8b465ee728b)  -> (artifact id: '443765ad56f379a79424733d65ac821b') in 0.160373 seconds 
Editor requested this worker to shutdown with reason: Scaling down because of idle timeout
AssetImportWorker is now disconnected from the server
Process exiting
Exiting without the bug reporter. Application will terminate with return code 0