Using pre-set license
Built from '2021.3/staging' branch; Version is '2021.3.13f1 (9e7d58001ecf) revision 10386776'; Using compiler version '192829333'; Build Type 'Release'
OS: 'Windows 10  (10.0.19045) 64bit Enterprise' Language: 'en' Physical Memory: 15920 MB
BatchMode: 1, IsHumanControllingUs: 0, StartBugReporterOnCrash: 0, Is64bit: 1, IsPro: 1

COMMAND LINE ARGUMENTS:
C:\Program Files\Unity 2021.3.13f1\Editor\Unity.exe
-adb2
-batchMode
-noUpm
-name
AssetImportWorker4
-projectPath
C:/Users/20193308/Desktop/Game/GDP2_Team15/Game 1
-logFile
Logs/AssetImportWorker4.log
-srvPort
56989
Successfully changed project path to: C:/Users/20193308/Desktop/Game/GDP2_Team15/Game 1
C:/Users/20193308/Desktop/Game/GDP2_Team15/Game 1
[UnityMemory] Configuration Parameters - Can be set up in boot.config
    "memorysetup-bucket-allocator-granularity=16"
    "memorysetup-bucket-allocator-bucket-count=8"
    "memorysetup-bucket-allocator-block-size=33554432"
    "memorysetup-bucket-allocator-block-count=8"
    "memorysetup-main-allocator-block-size=16777216"
    "memorysetup-thread-allocator-block-size=16777216"
    "memorysetup-gfx-main-allocator-block-size=16777216"
    "memorysetup-gfx-thread-allocator-block-size=16777216"
    "memorysetup-cache-allocator-block-size=4194304"
    "memorysetup-typetree-allocator-block-size=2097152"
    "memorysetup-profiler-bucket-allocator-granularity=16"
    "memorysetup-profiler-bucket-allocator-bucket-count=8"
    "memorysetup-profiler-bucket-allocator-block-size=33554432"
    "memorysetup-profiler-bucket-allocator-block-count=8"
    "memorysetup-profiler-allocator-block-size=16777216"
    "memorysetup-profiler-editor-allocator-block-size=1048576"
    "memorysetup-temp-allocator-size-main=16777216"
    "memorysetup-job-temp-allocator-block-size=2097152"
    "memorysetup-job-temp-allocator-block-size-background=1048576"
    "memorysetup-job-temp-allocator-reduction-small-platforms=262144"
    "memorysetup-temp-allocator-size-background-worker=32768"
    "memorysetup-temp-allocator-size-job-worker=262144"
    "memorysetup-temp-allocator-size-preload-manager=33554432"
    "memorysetup-temp-allocator-size-nav-mesh-worker=65536"
    "memorysetup-temp-allocator-size-audio-worker=65536"
    "memorysetup-temp-allocator-size-cloud-worker=32768"
    "memorysetup-temp-allocator-size-gi-baking-worker=262144"
    "memorysetup-temp-allocator-size-gfx=262144"
Refreshing native plugins compatible for Editor in 363.21 ms, found 4 plugins.
Preloading 0 native plugins for Editor in 0.00 ms.
Initialize engine version: 2021.3.13f1 (9e7d58001ecf)
[Subsystems] Discovering subsystems at path C:/Program Files/Unity 2021.3.13f1/Editor/Data/Resources/UnitySubsystems
[Subsystems] Discovering subsystems at path C:/Users/20193308/Desktop/Game/GDP2_Team15/Game 1/Assets
GfxDevice: creating device client; threaded=0; jobified=0
Direct3D:
    Version:  Direct3D 11.0 [level 11.1]
    Renderer: Intel(R) UHD Graphics 630 (ID=0x3e9b)
    Vendor:   Intel
    VRAM:     7960 MB
    Driver:   27.20.100.8729
Initialize mono
Mono path[0] = 'C:/Program Files/Unity 2021.3.13f1/Editor/Data/Managed'
Mono path[1] = 'C:/Program Files/Unity 2021.3.13f1/Editor/Data/MonoBleedingEdge/lib/mono/unityjit-win32'
Mono config path = 'C:/Program Files/Unity 2021.3.13f1/Editor/Data/MonoBleedingEdge/etc'
Using monoOptions --debugger-agent=transport=dt_socket,embedding=1,server=y,suspend=n,address=127.0.0.1:56216
Begin MonoManager ReloadAssembly
Registering precompiled unity dll's ...
Register platform support module: C:/Program Files/Unity 2021.3.13f1/Editor/Data/PlaybackEngines/WindowsStandaloneSupport/UnityEditor.WindowsStandalone.Extensions.dll
Registered in 0.023120 seconds.
Native extension for WindowsStandalone target not found
Refreshing native plugins compatible for Editor in 402.70 ms, found 4 plugins.
Preloading 0 native plugins for Editor in 0.00 ms.
Mono: successfully reloaded assembly
- Completed reload, in  2.461 seconds
Domain Reload Profiling:
	ReloadAssembly (2462ms)
		BeginReloadAssembly (267ms)
			ExecutionOrderSort (0ms)
			DisableScriptedObjects (0ms)
			BackupInstance (0ms)
			ReleaseScriptingObjects (0ms)
			CreateAndSetChildDomain (3ms)
		EndReloadAssembly (1770ms)
			LoadAssemblies (258ms)
			RebuildTransferFunctionScriptingTraits (0ms)
			SetupTypeCache (382ms)
			ReleaseScriptCaches (0ms)
			RebuildScriptCaches (105ms)
			SetupLoadedEditorAssemblies (1092ms)
				LogAssemblyErrors (0ms)
				InitializePlatformSupportModulesInManaged (29ms)
				SetLoadedEditorAssemblies (1ms)
				RefreshPlugins (403ms)
				BeforeProcessingInitializeOnLoad (5ms)
				ProcessInitializeOnLoadAttributes (477ms)
				ProcessInitializeOnLoadMethodAttributes (178ms)
				AfterProcessingInitializeOnLoad (0ms)
				EditorAssembliesLoaded (0ms)
			ExecutionOrderSort2 (0ms)
			AwakeInstancesAfterBackupRestoration (0ms)
Platform modules already initialized, skipping
Registering precompiled user dll's ...
Registered in 0.033808 seconds.
Begin MonoManager ReloadAssembly
Symbol file LoadedFromMemory doesn't match image C:\Users\20193308\Desktop\Game\GDP2_Team15\Game 1\Library\PackageCache\com.unity.visualscripting@1.7.8\Editor\VisualScripting.Core\Dependencies\YamlDotNet\Unity.VisualScripting.YamlDotNet.dll
Symbol file LoadedFromMemory doesn't match image C:\Users\20193308\Desktop\Game\GDP2_Team15\Game 1\Library\PackageCache\com.unity.visualscripting@1.7.8\Editor\VisualScripting.Core\Dependencies\DotNetZip\Unity.VisualScripting.IonicZip.dll
Native extension for WindowsStandalone target not found
Refreshing native plugins compatible for Editor in 364.38 ms, found 4 plugins.
Preloading 0 native plugins for Editor in 0.00 ms.
Mono: successfully reloaded assembly
- Completed reload, in  4.187 seconds
Domain Reload Profiling:
	ReloadAssembly (4190ms)
		BeginReloadAssembly (379ms)
			ExecutionOrderSort (0ms)
			DisableScriptedObjects (18ms)
			BackupInstance (0ms)
			ReleaseScriptingObjects (0ms)
			CreateAndSetChildDomain (59ms)
		EndReloadAssembly (3350ms)
			LoadAssemblies (309ms)
			RebuildTransferFunctionScriptingTraits (0ms)
			SetupTypeCache (750ms)
			ReleaseScriptCaches (2ms)
			RebuildScriptCaches (251ms)
			SetupLoadedEditorAssemblies (1876ms)
				LogAssemblyErrors (0ms)
				InitializePlatformSupportModulesInManaged (9ms)
				SetLoadedEditorAssemblies (0ms)
				RefreshPlugins (365ms)
				BeforeProcessingInitializeOnLoad (402ms)
				ProcessInitializeOnLoadAttributes (961ms)
				ProcessInitializeOnLoadMethodAttributes (114ms)
				AfterProcessingInitializeOnLoad (25ms)
				EditorAssembliesLoaded (0ms)
			ExecutionOrderSort2 (0ms)
			AwakeInstancesAfterBackupRestoration (23ms)
Platform modules already initialized, skipping
========================================================================
Worker process is ready to serve import requests
Launched and connected shader compiler UnityShaderCompiler.exe after 0.13 seconds
Refreshing native plugins compatible for Editor in 4.12 ms, found 4 plugins.
Preloading 0 native plugins for Editor in 0.00 ms.
Unloading 4386 Unused Serialized files (Serialized files now loaded: 0)
Unloading 42 unused Assets / (87.7 KB). Loaded Objects now: 4844.
Memory consumption went from 164.0 MB to 163.9 MB.
Total: 6.483300 ms (FindLiveObjects: 0.552400 ms CreateObjectMapping: 0.448400 ms MarkObjects: 5.337600 ms  DeleteObjects: 0.143200 ms)

AssetImportParameters requested are different than current active one (requested -> active):
  custom:video-decoder-ogg-theora: a1e56fd34408186e4bbccfd4996cb3dc -> 
  custom:container-muxer-webm: aa71ff27fc2769a1b78a27578f13a17b -> 
  custom:container-demuxer-webm: 4f35f7cbe854078d1ac9338744f61a02 -> 
  custom:video-encoder-webm-vp8: eb34c28f22e8b96e1ab97ce403110664 -> 
  custom:video-codec-MediaFoundation-h265: e54d7ab0439102e2317fc1e4b246158d -> 
  custom:audio-encoder-webm-vorbis: bf7c407c2cedff20999df2af8eb42d56 -> 
  custom:framework-win-MediaFoundation: 216162199b28c13a410421893ffa2e32 -> 
  custom:container-demuxer-ogg: 62fdf1f143b41e24485cea50d1cbac27 -> 
  custom:video-decoder-webm-vp8: 9c59270c3fd7afecdb556c50c9e8de78 -> 
  custom:audio-decoder-ogg-vorbis: bf7c407c2cedff20999df2af8eb42d56 -> 
========================================================================
Received Import Request.
  Time since last request: 144666.276217 seconds.
  path: Assets/Asset packs/Modern tiles_Free/Characters_free/Adam_run_16x16.png
  artifactKey: Guid(2773f42026b0af046a23fd5f2840090f) Importer(815301076,1909f56bfc062723c751e8b465ee728b)
Start importing Assets/Asset packs/Modern tiles_Free/Characters_free/Adam_run_16x16.png using Guid(2773f42026b0af046a23fd5f2840090f) Importer(815301076,1909f56bfc062723c751e8b465ee728b)  -> (artifact id: '62f7f3832ddc81070b86d645e2b18143') in 0.160488 seconds 
========================================================================
Received Import Request.
  Time since last request: 16.977248 seconds.
  path: Assets/Asset packs/Modern tiles_Free/Characters_free/Adam_run_16x16.png
  artifactKey: Guid(2773f42026b0af046a23fd5f2840090f) Importer(815301076,1909f56bfc062723c751e8b465ee728b)
Start importing Assets/Asset packs/Modern tiles_Free/Characters_free/Adam_run_16x16.png using Guid(2773f42026b0af046a23fd5f2840090f) Importer(815301076,1909f56bfc062723c751e8b465ee728b)  -> (artifact id: '90db4cca079e108e10ae830b4fd8d5ba') in 0.382451 seconds 
========================================================================
Received Import Request.
  Time since last request: 434.721015 seconds.
  path: Assets/Asset packs/Modern tiles_Free/Characters_free/Adam_sit3_16x16.png
  artifactKey: Guid(352e5849fe87f924a9ec0337946d8792) Importer(815301076,1909f56bfc062723c751e8b465ee728b)
Start importing Assets/Asset packs/Modern tiles_Free/Characters_free/Adam_sit3_16x16.png using Guid(352e5849fe87f924a9ec0337946d8792) Importer(815301076,1909f56bfc062723c751e8b465ee728b)  -> (artifact id: '361c368347c841c948540d3d6b276600') in 0.017591 seconds 
========================================================================
Received Import Request.
  Time since last request: 28.225722 seconds.
  path: Assets/Asset packs/Modern tiles_Free/Characters_free/Adam_sit3_16x16.png
  artifactKey: Guid(352e5849fe87f924a9ec0337946d8792) Importer(815301076,1909f56bfc062723c751e8b465ee728b)
Start importing Assets/Asset packs/Modern tiles_Free/Characters_free/Adam_sit3_16x16.png using Guid(352e5849fe87f924a9ec0337946d8792) Importer(815301076,1909f56bfc062723c751e8b465ee728b)  -> (artifact id: 'd545910d5ef547cd9e7595ef6779307a') in 0.047382 seconds 
========================================================================
Received Import Request.
  Time since last request: 100.192632 seconds.
  path: Assets/Asset packs/Modern tiles_Free/Characters_free/Adam_phone_16x16.png
  artifactKey: Guid(1bc8c5c8e320e524fa3e35734cd7939d) Importer(815301076,1909f56bfc062723c751e8b465ee728b)
Start importing Assets/Asset packs/Modern tiles_Free/Characters_free/Adam_phone_16x16.png using Guid(1bc8c5c8e320e524fa3e35734cd7939d) Importer(815301076,1909f56bfc062723c751e8b465ee728b)  -> (artifact id: '0d0028d254be84709b340afbe691c58b') in 0.017373 seconds 
========================================================================
Received Import Request.
  Time since last request: 15.274728 seconds.
  path: Assets/Asset packs/Modern tiles_Free/Characters_free/Adam_phone_16x16.png
  artifactKey: Guid(1bc8c5c8e320e524fa3e35734cd7939d) Importer(815301076,1909f56bfc062723c751e8b465ee728b)
Start importing Assets/Asset packs/Modern tiles_Free/Characters_free/Adam_phone_16x16.png using Guid(1bc8c5c8e320e524fa3e35734cd7939d) Importer(815301076,1909f56bfc062723c751e8b465ee728b)  -> (artifact id: 'c77d6b173992256e413bb638f0129488') in 0.043565 seconds 
========================================================================
Received Import Request.
  Time since last request: 485.599259 seconds.
  path: Assets/Characters/Player/AC_Player.controller
  artifactKey: Guid(7b7d306536c86ca47b265c6b681e2cb9) Importer(815301076,1909f56bfc062723c751e8b465ee728b)
Start importing Assets/Characters/Player/AC_Player.controller using Guid(7b7d306536c86ca47b265c6b681e2cb9) Importer(815301076,1909f56bfc062723c751e8b465ee728b)  -> (artifact id: '4ed3e9619dd84cc8675abc6d416fbcb3') in 0.017976 seconds 
========================================================================
Received Import Request.
  Time since last request: 2.029444 seconds.
  path: Assets/Characters/Player/AC_Player.controller
  artifactKey: Guid(7b7d306536c86ca47b265c6b681e2cb9) Importer(815301076,1909f56bfc062723c751e8b465ee728b)
Start importing Assets/Characters/Player/AC_Player.controller using Guid(7b7d306536c86ca47b265c6b681e2cb9) Importer(815301076,1909f56bfc062723c751e8b465ee728b)  -> (artifact id: 'b6e6fd8a97eff9f3d3790cd45ac22648') in 0.010391 seconds 
