Using pre-set license
Built from '2021.3/staging' branch; Version is '2021.3.13f1 (9e7d58001ecf) revision 10386776'; Using compiler version '192829333'; Build Type 'Release'
OS: 'Windows 10  (10.0.19044) 64bit Enterprise' Language: 'en' Physical Memory: 15920 MB
BatchMode: 1, IsHumanControllingUs: 0, StartBugReporterOnCrash: 0, Is64bit: 1, IsPro: 1

COMMAND LINE ARGUMENTS:
C:\Program Files\Unity\Hub\Editor\2021.3.13f1\Editor\Unity.exe
-adb2
-batchMode
-noUpm
-name
AssetImportWorker1
-projectPath
C:/Users/20193703/Documents/GitGut/Game Design 2/GDP2_Team15/Game 1
-logFile
Logs/AssetImportWorker1.log
-srvPort
56704
Successfully changed project path to: C:/Users/20193703/Documents/GitGut/Game Design 2/GDP2_Team15/Game 1
C:/Users/20193703/Documents/GitGut/Game Design 2/GDP2_Team15/Game 1
[UnityMemory] Configuration Parameters - Can be set up in boot.config
    "memorysetup-bucket-allocator-granularity=16"
    "memorysetup-bucket-allocator-bucket-count=8"
    "memorysetup-bucket-allocator-block-size=33554432"
    "memorysetup-bucket-allocator-block-count=8"
    "memorysetup-main-allocator-block-size=16777216"
    "memorysetup-thread-allocator-block-size=16777216"
    "memorysetup-gfx-main-allocator-block-size=16777216"
    "memorysetup-gfx-thread-allocator-block-size=16777216"
    "memorysetup-cache-allocator-block-size=4194304"
    "memorysetup-typetree-allocator-block-size=2097152"
    "memorysetup-profiler-bucket-allocator-granularity=16"
    "memorysetup-profiler-bucket-allocator-bucket-count=8"
    "memorysetup-profiler-bucket-allocator-block-size=33554432"
    "memorysetup-profiler-bucket-allocator-block-count=8"
    "memorysetup-profiler-allocator-block-size=16777216"
    "memorysetup-profiler-editor-allocator-block-size=1048576"
    "memorysetup-temp-allocator-size-main=16777216"
    "memorysetup-job-temp-allocator-block-size=2097152"
    "memorysetup-job-temp-allocator-block-size-background=1048576"
    "memorysetup-job-temp-allocator-reduction-small-platforms=262144"
    "memorysetup-temp-allocator-size-background-worker=32768"
    "memorysetup-temp-allocator-size-job-worker=262144"
    "memorysetup-temp-allocator-size-preload-manager=33554432"
    "memorysetup-temp-allocator-size-nav-mesh-worker=65536"
    "memorysetup-temp-allocator-size-audio-worker=65536"
    "memorysetup-temp-allocator-size-cloud-worker=32768"
    "memorysetup-temp-allocator-size-gi-baking-worker=262144"
    "memorysetup-temp-allocator-size-gfx=262144"
Refreshing native plugins compatible for Editor in 329.42 ms, found 3 plugins.
Preloading 0 native plugins for Editor in 0.00 ms.
Initialize engine version: 2021.3.13f1 (9e7d58001ecf)
[Subsystems] Discovering subsystems at path C:/Program Files/Unity/Hub/Editor/2021.3.13f1/Editor/Data/Resources/UnitySubsystems
[Subsystems] Discovering subsystems at path C:/Users/20193703/Documents/GitGut/Game Design 2/GDP2_Team15/Game 1/Assets
GfxDevice: creating device client; threaded=0; jobified=0
Direct3D:
    Version:  Direct3D 11.0 [level 11.1]
    Renderer: NVIDIA Quadro P1000 (ID=0x1cbb)
    Vendor:   NVIDIA
    VRAM:     4019 MB
    Driver:   31.0.15.1713
Initialize mono
Mono path[0] = 'C:/Program Files/Unity/Hub/Editor/2021.3.13f1/Editor/Data/Managed'
Mono path[1] = 'C:/Program Files/Unity/Hub/Editor/2021.3.13f1/Editor/Data/MonoBleedingEdge/lib/mono/unityjit-win32'
Mono config path = 'C:/Program Files/Unity/Hub/Editor/2021.3.13f1/Editor/Data/MonoBleedingEdge/etc'
Using monoOptions --debugger-agent=transport=dt_socket,embedding=1,server=y,suspend=n,address=127.0.0.1:56620
Begin MonoManager ReloadAssembly
Registering precompiled unity dll's ...
Register platform support module: C:/Program Files/Unity/Hub/Editor/2021.3.13f1/Editor/Data/PlaybackEngines/WindowsStandaloneSupport/UnityEditor.WindowsStandalone.Extensions.dll
Registered in 0.033480 seconds.
Native extension for WindowsStandalone target not found
Refreshing native plugins compatible for Editor in 313.24 ms, found 3 plugins.
Preloading 0 native plugins for Editor in 0.00 ms.
Mono: successfully reloaded assembly
- Completed reload, in  2.430 seconds
Domain Reload Profiling:
	ReloadAssembly (2431ms)
		BeginReloadAssembly (196ms)
			ExecutionOrderSort (0ms)
			DisableScriptedObjects (0ms)
			BackupInstance (0ms)
			ReleaseScriptingObjects (0ms)
			CreateAndSetChildDomain (1ms)
		EndReloadAssembly (1726ms)
			LoadAssemblies (193ms)
			RebuildTransferFunctionScriptingTraits (0ms)
			SetupTypeCache (395ms)
			ReleaseScriptCaches (0ms)
			RebuildScriptCaches (125ms)
			SetupLoadedEditorAssemblies (1037ms)
				LogAssemblyErrors (0ms)
				InitializePlatformSupportModulesInManaged (33ms)
				SetLoadedEditorAssemblies (1ms)
				RefreshPlugins (313ms)
				BeforeProcessingInitializeOnLoad (3ms)
				ProcessInitializeOnLoadAttributes (511ms)
				ProcessInitializeOnLoadMethodAttributes (175ms)
				AfterProcessingInitializeOnLoad (0ms)
				EditorAssembliesLoaded (0ms)
			ExecutionOrderSort2 (0ms)
			AwakeInstancesAfterBackupRestoration (0ms)
Platform modules already initialized, skipping
Registering precompiled user dll's ...
Registered in 0.025488 seconds.
Begin MonoManager ReloadAssembly
Symbol file LoadedFromMemory doesn't match image C:\Users\20193703\Documents\GitGut\Game Design 2\GDP2_Team15\Game 1\Library\PackageCache\com.unity.visualscripting@1.7.8\Editor\VisualScripting.Core\Dependencies\YamlDotNet\Unity.VisualScripting.YamlDotNet.dll
Symbol file LoadedFromMemory doesn't match image C:\Users\20193703\Documents\GitGut\Game Design 2\GDP2_Team15\Game 1\Library\PackageCache\com.unity.visualscripting@1.7.8\Editor\VisualScripting.Core\Dependencies\DotNetZip\Unity.VisualScripting.IonicZip.dll
Native extension for WindowsStandalone target not found
Refreshing native plugins compatible for Editor in 1.25 ms, found 3 plugins.
Preloading 0 native plugins for Editor in 0.00 ms.
Mono: successfully reloaded assembly
- Completed reload, in  3.592 seconds
Domain Reload Profiling:
	ReloadAssembly (3594ms)
		BeginReloadAssembly (387ms)
			ExecutionOrderSort (0ms)
			DisableScriptedObjects (25ms)
			BackupInstance (0ms)
			ReleaseScriptingObjects (0ms)
			CreateAndSetChildDomain (47ms)
		EndReloadAssembly (2670ms)
			LoadAssemblies (261ms)
			RebuildTransferFunctionScriptingTraits (0ms)
			SetupTypeCache (864ms)
			ReleaseScriptCaches (1ms)
			RebuildScriptCaches (171ms)
			SetupLoadedEditorAssemblies (1228ms)
				LogAssemblyErrors (0ms)
				InitializePlatformSupportModulesInManaged (17ms)
				SetLoadedEditorAssemblies (1ms)
				RefreshPlugins (1ms)
				BeforeProcessingInitializeOnLoad (280ms)
				ProcessInitializeOnLoadAttributes (775ms)
				ProcessInitializeOnLoadMethodAttributes (132ms)
				AfterProcessingInitializeOnLoad (23ms)
				EditorAssembliesLoaded (1ms)
			ExecutionOrderSort2 (0ms)
			AwakeInstancesAfterBackupRestoration (19ms)
Platform modules already initialized, skipping
========================================================================
Worker process is ready to serve import requests
Launched and connected shader compiler UnityShaderCompiler.exe after 0.10 seconds
Refreshing native plugins compatible for Editor in 1.64 ms, found 3 plugins.
Preloading 0 native plugins for Editor in 0.00 ms.
Unloading 3228 Unused Serialized files (Serialized files now loaded: 0)
Unloading 25 unused Assets / (88.1 KB). Loaded Objects now: 3687.
Memory consumption went from 110.9 MB to 110.8 MB.
Total: 7.923300 ms (FindLiveObjects: 0.613100 ms CreateObjectMapping: 0.494600 ms MarkObjects: 6.615900 ms  DeleteObjects: 0.197300 ms)

AssetImportParameters requested are different than current active one (requested -> active):
  custom:video-decoder-ogg-theora: a1e56fd34408186e4bbccfd4996cb3dc -> 
  custom:container-muxer-webm: aa71ff27fc2769a1b78a27578f13a17b -> 
  custom:container-demuxer-webm: 4f35f7cbe854078d1ac9338744f61a02 -> 
  custom:video-encoder-webm-vp8: eb34c28f22e8b96e1ab97ce403110664 -> 
  custom:audio-encoder-webm-vorbis: bf7c407c2cedff20999df2af8eb42d56 -> 
  custom:framework-win-MediaFoundation: 216162199b28c13a410421893ffa2e32 -> 
  custom:container-demuxer-ogg: 62fdf1f143b41e24485cea50d1cbac27 -> 
  custom:video-decoder-webm-vp8: 9c59270c3fd7afecdb556c50c9e8de78 -> 
  custom:audio-decoder-ogg-vorbis: bf7c407c2cedff20999df2af8eb42d56 -> 
========================================================================
Received Import Request.
  Time since last request: 164645.632525 seconds.
  path: Assets/Asset packs/Modern tiles_Free/Characters_free/Adam_idle_16x16.png
  artifactKey: Guid(9951880f38fa09a44ba004dc7b0ad5d4) Importer(815301076,1909f56bfc062723c751e8b465ee728b)
Start importing Assets/Asset packs/Modern tiles_Free/Characters_free/Adam_idle_16x16.png using Guid(9951880f38fa09a44ba004dc7b0ad5d4) Importer(815301076,1909f56bfc062723c751e8b465ee728b)  -> (artifact id: '80c1904c05f8b0b9ee28448bd89d6840') in 0.362810 seconds 
========================================================================
Received Import Request.
  Time since last request: 0.000051 seconds.
  path: Assets/Asset packs/Modern tiles_Free/Characters_free/Bob_run_16x16.png
  artifactKey: Guid(7b0daabb08ede9a4580234eef39ed098) Importer(815301076,1909f56bfc062723c751e8b465ee728b)
Start importing Assets/Asset packs/Modern tiles_Free/Characters_free/Bob_run_16x16.png using Guid(7b0daabb08ede9a4580234eef39ed098) Importer(815301076,1909f56bfc062723c751e8b465ee728b)  -> (artifact id: 'a9d35974a9243d3ac15ca33322e12916') in 0.026838 seconds 
========================================================================
Received Import Request.
  Time since last request: 0.000072 seconds.
  path: Assets/Asset packs/Modern tiles_Free/Characters_free/Amelia_phone_16x16.png
  artifactKey: Guid(fd8f04d5379e0234f85e70d5eec8dc05) Importer(815301076,1909f56bfc062723c751e8b465ee728b)
Start importing Assets/Asset packs/Modern tiles_Free/Characters_free/Amelia_phone_16x16.png using Guid(fd8f04d5379e0234f85e70d5eec8dc05) Importer(815301076,1909f56bfc062723c751e8b465ee728b)  -> (artifact id: 'fd93ab44c31704c7dbd26feeaf668326') in 0.024268 seconds 
========================================================================
Received Import Request.
  Time since last request: 0.000062 seconds.
  path: Assets/Asset packs/Modern tiles_Free/Characters_free/Alex_16x16.png
  artifactKey: Guid(7068c3cd8f214184294a3ba07ceb91cc) Importer(815301076,1909f56bfc062723c751e8b465ee728b)
Start importing Assets/Asset packs/Modern tiles_Free/Characters_free/Alex_16x16.png using Guid(7068c3cd8f214184294a3ba07ceb91cc) Importer(815301076,1909f56bfc062723c751e8b465ee728b)  -> (artifact id: '6c29356d04df230ab7828bcf8dc57d22') in 0.030434 seconds 
========================================================================
Received Import Request.
  Time since last request: 0.000116 seconds.
  path: Assets/Asset packs/Modern tiles_Free/Characters_free/Adam_sit2_16x16.png
  artifactKey: Guid(50e332c976edd6345b7560bc199eb7e1) Importer(815301076,1909f56bfc062723c751e8b465ee728b)
Start importing Assets/Asset packs/Modern tiles_Free/Characters_free/Adam_sit2_16x16.png using Guid(50e332c976edd6345b7560bc199eb7e1) Importer(815301076,1909f56bfc062723c751e8b465ee728b)  -> (artifact id: '1a1e297a5ba497c9fdd6171206599bfa') in 0.030301 seconds 
========================================================================
Received Import Request.
  Time since last request: 0.000042 seconds.
  path: Assets/Asset packs/Modern tiles_Free/Characters_free/Adam_phone_16x16.png
  artifactKey: Guid(1bc8c5c8e320e524fa3e35734cd7939d) Importer(815301076,1909f56bfc062723c751e8b465ee728b)
Start importing Assets/Asset packs/Modern tiles_Free/Characters_free/Adam_phone_16x16.png using Guid(1bc8c5c8e320e524fa3e35734cd7939d) Importer(815301076,1909f56bfc062723c751e8b465ee728b)  -> (artifact id: '3bf3a1e961d0d0b70e8aedc75631adf8') in 0.024485 seconds 
========================================================================
Received Import Request.
  Time since last request: 0.000036 seconds.
  path: Assets/Asset packs/Modern tiles_Free/Characters_free/Alex_idle_anim_16x16.png
  artifactKey: Guid(4d4a3e2e9b018d04096e5adf16f9e702) Importer(815301076,1909f56bfc062723c751e8b465ee728b)
Start importing Assets/Asset packs/Modern tiles_Free/Characters_free/Alex_idle_anim_16x16.png using Guid(4d4a3e2e9b018d04096e5adf16f9e702) Importer(815301076,1909f56bfc062723c751e8b465ee728b)  -> (artifact id: 'aab16a014c4d9bed90a3a451447b1a27') in 0.027742 seconds 
========================================================================
Received Import Request.
  Time since last request: 0.000066 seconds.
  path: Assets/Asset packs/Modern tiles_Free/Characters_free/Alex_sit_16x16.png
  artifactKey: Guid(d59680b45719fff49b7169cd45f66605) Importer(815301076,1909f56bfc062723c751e8b465ee728b)
Start importing Assets/Asset packs/Modern tiles_Free/Characters_free/Alex_sit_16x16.png using Guid(d59680b45719fff49b7169cd45f66605) Importer(815301076,1909f56bfc062723c751e8b465ee728b)  -> (artifact id: 'c28a02cd466c26b603408736cfc0bbd7') in 0.024212 seconds 
========================================================================
Received Import Request.
  Time since last request: 0.000035 seconds.
  path: Assets/Asset packs/Modern tiles_Free/Characters_free/Adam_idle_anim_16x16.png
  artifactKey: Guid(10c2b2c4deeb07b488954c85c7254847) Importer(815301076,1909f56bfc062723c751e8b465ee728b)
Start importing Assets/Asset packs/Modern tiles_Free/Characters_free/Adam_idle_anim_16x16.png using Guid(10c2b2c4deeb07b488954c85c7254847) Importer(815301076,1909f56bfc062723c751e8b465ee728b)  -> (artifact id: '583a19d3e669d223287d6412bbfdc77a') in 0.025812 seconds 
========================================================================
Received Import Request.
  Time since last request: 0.000067 seconds.
  path: Assets/Asset packs/Modern tiles_Free/Characters_free/Adam_run_16x16.png
  artifactKey: Guid(2773f42026b0af046a23fd5f2840090f) Importer(815301076,1909f56bfc062723c751e8b465ee728b)
Start importing Assets/Asset packs/Modern tiles_Free/Characters_free/Adam_run_16x16.png using Guid(2773f42026b0af046a23fd5f2840090f) Importer(815301076,1909f56bfc062723c751e8b465ee728b)  -> (artifact id: 'a069b74e401c02493ffb22eb90e1e61b') in 0.024922 seconds 
========================================================================
Received Import Request.
  Time since last request: 0.000037 seconds.
  path: Assets/Asset packs/Modern tiles_Free/Characters_free/Amelia_sit2_16x16.png
  artifactKey: Guid(79b2ed898d2d2ba48b05e5581280dca6) Importer(815301076,1909f56bfc062723c751e8b465ee728b)
Start importing Assets/Asset packs/Modern tiles_Free/Characters_free/Amelia_sit2_16x16.png using Guid(79b2ed898d2d2ba48b05e5581280dca6) Importer(815301076,1909f56bfc062723c751e8b465ee728b)  -> (artifact id: '1c0a82caa96bb91461e5d954b23a584c') in 0.023862 seconds 
========================================================================
Received Import Request.
  Time since last request: 0.000039 seconds.
  path: Assets/Asset packs/Modern tiles_Free/Characters_free/Bob_phone_16x16.png
  artifactKey: Guid(08f791866460efb4c95931e4e05163d3) Importer(815301076,1909f56bfc062723c751e8b465ee728b)
Start importing Assets/Asset packs/Modern tiles_Free/Characters_free/Bob_phone_16x16.png using Guid(08f791866460efb4c95931e4e05163d3) Importer(815301076,1909f56bfc062723c751e8b465ee728b)  -> (artifact id: '17102ce37a07a7138389b3690ed5637c') in 0.033679 seconds 
========================================================================
Received Import Request.
  Time since last request: 0.000043 seconds.
  path: Assets/Asset packs/Modern tiles_Free/Characters_free/Alex_phone_16x16.png
  artifactKey: Guid(4f2e9bc21f743e54295400a55ef38d7d) Importer(815301076,1909f56bfc062723c751e8b465ee728b)
Start importing Assets/Asset packs/Modern tiles_Free/Characters_free/Alex_phone_16x16.png using Guid(4f2e9bc21f743e54295400a55ef38d7d) Importer(815301076,1909f56bfc062723c751e8b465ee728b)  -> (artifact id: 'ba46f19486bd2202b8feb26f3407f366') in 0.025367 seconds 
Editor requested this worker to shutdown with reason: Scaling down because of idle timeout
AssetImportWorker is now disconnected from the server
Process exiting
Exiting without the bug reporter. Application will terminate with return code 0