Using pre-set license
Built from '2021.3/staging' branch; Version is '2021.3.13f1 (9e7d58001ecf) revision 10386776'; Using compiler version '192829333'; Build Type 'Release'
OS: 'Windows 10  (10.0.19045) 64bit Enterprise' Language: 'en' Physical Memory: 15920 MB
BatchMode: 1, IsHumanControllingUs: 0, StartBugReporterOnCrash: 0, Is64bit: 1, IsPro: 1

COMMAND LINE ARGUMENTS:
C:\Program Files\Unity 2021.3.13f1\Editor\Unity.exe
-adb2
-batchMode
-noUpm
-name
AssetImportWorker0
-projectPath
C:/Users/20193308/Desktop/Game/GDP2_Team15/Game 1
-logFile
Logs/AssetImportWorker0.log
-srvPort
56989
Successfully changed project path to: C:/Users/20193308/Desktop/Game/GDP2_Team15/Game 1
C:/Users/20193308/Desktop/Game/GDP2_Team15/Game 1
[UnityMemory] Configuration Parameters - Can be set up in boot.config
    "memorysetup-bucket-allocator-granularity=16"
    "memorysetup-bucket-allocator-bucket-count=8"
    "memorysetup-bucket-allocator-block-size=33554432"
    "memorysetup-bucket-allocator-block-count=8"
    "memorysetup-main-allocator-block-size=16777216"
    "memorysetup-thread-allocator-block-size=16777216"
    "memorysetup-gfx-main-allocator-block-size=16777216"
    "memorysetup-gfx-thread-allocator-block-size=16777216"
    "memorysetup-cache-allocator-block-size=4194304"
    "memorysetup-typetree-allocator-block-size=2097152"
    "memorysetup-profiler-bucket-allocator-granularity=16"
    "memorysetup-profiler-bucket-allocator-bucket-count=8"
    "memorysetup-profiler-bucket-allocator-block-size=33554432"
    "memorysetup-profiler-bucket-allocator-block-count=8"
    "memorysetup-profiler-allocator-block-size=16777216"
    "memorysetup-profiler-editor-allocator-block-size=1048576"
    "memorysetup-temp-allocator-size-main=16777216"
    "memorysetup-job-temp-allocator-block-size=2097152"
    "memorysetup-job-temp-allocator-block-size-background=1048576"
    "memorysetup-job-temp-allocator-reduction-small-platforms=262144"
    "memorysetup-temp-allocator-size-background-worker=32768"
    "memorysetup-temp-allocator-size-job-worker=262144"
    "memorysetup-temp-allocator-size-preload-manager=33554432"
    "memorysetup-temp-allocator-size-nav-mesh-worker=65536"
    "memorysetup-temp-allocator-size-audio-worker=65536"
    "memorysetup-temp-allocator-size-cloud-worker=32768"
    "memorysetup-temp-allocator-size-gi-baking-worker=262144"
    "memorysetup-temp-allocator-size-gfx=262144"
Refreshing native plugins compatible for Editor in 374.51 ms, found 4 plugins.
Preloading 0 native plugins for Editor in 0.00 ms.
Initialize engine version: 2021.3.13f1 (9e7d58001ecf)
[Subsystems] Discovering subsystems at path C:/Program Files/Unity 2021.3.13f1/Editor/Data/Resources/UnitySubsystems
[Subsystems] Discovering subsystems at path C:/Users/20193308/Desktop/Game/GDP2_Team15/Game 1/Assets
GfxDevice: creating device client; threaded=0; jobified=0
Direct3D:
    Version:  Direct3D 11.0 [level 11.1]
    Renderer: NVIDIA Quadro P1000 (ID=0x1cbb)
    Vendor:   NVIDIA
    VRAM:     4019 MB
    Driver:   30.0.14.7141
Initialize mono
Mono path[0] = 'C:/Program Files/Unity 2021.3.13f1/Editor/Data/Managed'
Mono path[1] = 'C:/Program Files/Unity 2021.3.13f1/Editor/Data/MonoBleedingEdge/lib/mono/unityjit-win32'
Mono config path = 'C:/Program Files/Unity 2021.3.13f1/Editor/Data/MonoBleedingEdge/etc'
Using monoOptions --debugger-agent=transport=dt_socket,embedding=1,server=y,suspend=n,address=127.0.0.1:56912
Begin MonoManager ReloadAssembly
Registering precompiled unity dll's ...
Register platform support module: C:/Program Files/Unity 2021.3.13f1/Editor/Data/PlaybackEngines/WindowsStandaloneSupport/UnityEditor.WindowsStandalone.Extensions.dll
Registered in 0.023661 seconds.
Native extension for WindowsStandalone target not found
Refreshing native plugins compatible for Editor in 360.66 ms, found 4 plugins.
Preloading 0 native plugins for Editor in 0.00 ms.
Mono: successfully reloaded assembly
- Completed reload, in  2.461 seconds
Domain Reload Profiling:
	ReloadAssembly (2462ms)
		BeginReloadAssembly (181ms)
			ExecutionOrderSort (0ms)
			DisableScriptedObjects (0ms)
			BackupInstance (0ms)
			ReleaseScriptingObjects (0ms)
			CreateAndSetChildDomain (3ms)
		EndReloadAssembly (1844ms)
			LoadAssemblies (170ms)
			RebuildTransferFunctionScriptingTraits (0ms)
			SetupTypeCache (441ms)
			ReleaseScriptCaches (0ms)
			RebuildScriptCaches (115ms)
			SetupLoadedEditorAssemblies (1110ms)
				LogAssemblyErrors (0ms)
				InitializePlatformSupportModulesInManaged (28ms)
				SetLoadedEditorAssemblies (1ms)
				RefreshPlugins (361ms)
				BeforeProcessingInitializeOnLoad (3ms)
				ProcessInitializeOnLoadAttributes (572ms)
				ProcessInitializeOnLoadMethodAttributes (145ms)
				AfterProcessingInitializeOnLoad (0ms)
				EditorAssembliesLoaded (0ms)
			ExecutionOrderSort2 (0ms)
			AwakeInstancesAfterBackupRestoration (0ms)
Platform modules already initialized, skipping
Registering precompiled user dll's ...
Registered in 0.023948 seconds.
Begin MonoManager ReloadAssembly
Symbol file LoadedFromMemory doesn't match image C:\Users\20193308\Desktop\Game\GDP2_Team15\Game 1\Library\PackageCache\com.unity.visualscripting@1.7.8\Editor\VisualScripting.Core\Dependencies\YamlDotNet\Unity.VisualScripting.YamlDotNet.dll
Symbol file LoadedFromMemory doesn't match image C:\Users\20193308\Desktop\Game\GDP2_Team15\Game 1\Library\PackageCache\com.unity.visualscripting@1.7.8\Editor\VisualScripting.Core\Dependencies\DotNetZip\Unity.VisualScripting.IonicZip.dll
Native extension for WindowsStandalone target not found
Refreshing native plugins compatible for Editor in 420.66 ms, found 4 plugins.
Preloading 0 native plugins for Editor in 0.00 ms.
Mono: successfully reloaded assembly
- Completed reload, in  4.498 seconds
Domain Reload Profiling:
	ReloadAssembly (4499ms)
		BeginReloadAssembly (409ms)
			ExecutionOrderSort (0ms)
			DisableScriptedObjects (23ms)
			BackupInstance (0ms)
			ReleaseScriptingObjects (0ms)
			CreateAndSetChildDomain (61ms)
		EndReloadAssembly (3700ms)
			LoadAssemblies (338ms)
			RebuildTransferFunctionScriptingTraits (0ms)
			SetupTypeCache (952ms)
			ReleaseScriptCaches (2ms)
			RebuildScriptCaches (208ms)
			SetupLoadedEditorAssemblies (2053ms)
				LogAssemblyErrors (0ms)
				InitializePlatformSupportModulesInManaged (16ms)
				SetLoadedEditorAssemblies (1ms)
				RefreshPlugins (421ms)
				BeforeProcessingInitializeOnLoad (390ms)
				ProcessInitializeOnLoadAttributes (1022ms)
				ProcessInitializeOnLoadMethodAttributes (168ms)
				AfterProcessingInitializeOnLoad (35ms)
				EditorAssembliesLoaded (1ms)
			ExecutionOrderSort2 (0ms)
			AwakeInstancesAfterBackupRestoration (26ms)
Platform modules already initialized, skipping
========================================================================
Worker process is ready to serve import requests
Launched and connected shader compiler UnityShaderCompiler.exe after 0.10 seconds
Refreshing native plugins compatible for Editor in 1.25 ms, found 4 plugins.
Preloading 0 native plugins for Editor in 0.00 ms.
Unloading 4386 Unused Serialized files (Serialized files now loaded: 0)
Unloading 42 unused Assets / (87.7 KB). Loaded Objects now: 4844.
Memory consumption went from 164.0 MB to 163.9 MB.
Total: 11.661500 ms (FindLiveObjects: 0.951600 ms CreateObjectMapping: 1.000800 ms MarkObjects: 9.492200 ms  DeleteObjects: 0.213900 ms)

AssetImportParameters requested are different than current active one (requested -> active):
  custom:video-decoder-ogg-theora: a1e56fd34408186e4bbccfd4996cb3dc -> 
  custom:container-muxer-webm: aa71ff27fc2769a1b78a27578f13a17b -> 
  custom:container-demuxer-webm: 4f35f7cbe854078d1ac9338744f61a02 -> 
  custom:video-encoder-webm-vp8: eb34c28f22e8b96e1ab97ce403110664 -> 
  custom:video-codec-MediaFoundation-h265: e54d7ab0439102e2317fc1e4b246158d -> 
  custom:audio-encoder-webm-vorbis: bf7c407c2cedff20999df2af8eb42d56 -> 
  custom:framework-win-MediaFoundation: 216162199b28c13a410421893ffa2e32 -> 
  custom:container-demuxer-ogg: 62fdf1f143b41e24485cea50d1cbac27 -> 
  custom:video-decoder-webm-vp8: 9c59270c3fd7afecdb556c50c9e8de78 -> 
  custom:audio-decoder-ogg-vorbis: bf7c407c2cedff20999df2af8eb42d56 -> 
========================================================================
Received Import Request.
  Time since last request: 144175.029960 seconds.
  path: Assets/PlayerController.cs
  artifactKey: Guid(eb32d226b9bc88244a7d7b655532b540) Importer(815301076,1909f56bfc062723c751e8b465ee728b)
Start importing Assets/PlayerController.cs using Guid(eb32d226b9bc88244a7d7b655532b540) Importer(815301076,1909f56bfc062723c751e8b465ee728b)  -> (artifact id: '63c74926e03cf186ce309e6ba70b4376') in 0.080251 seconds 
========================================================================
Received Import Request.
  Time since last request: 183.141984 seconds.
  path: Assets/Characters/Player/Player.prefab
  artifactKey: Guid(982c9ae1ed330e2478bcdd72fa985844) Importer(815301076,1909f56bfc062723c751e8b465ee728b)
Start importing Assets/Characters/Player/Player.prefab using Guid(982c9ae1ed330e2478bcdd72fa985844) Importer(815301076,1909f56bfc062723c751e8b465ee728b)  -> (artifact id: '4e67304eb7100f143ca14da1874a33c8') in 0.279327 seconds 
========================================================================
Received Import Request.
  Time since last request: 0.678260 seconds.
  path: Assets/Characters/Player
  artifactKey: Guid(02323a9b4153d0e458d804915df1bf69) Importer(815301076,1909f56bfc062723c751e8b465ee728b)
Start importing Assets/Characters/Player using Guid(02323a9b4153d0e458d804915df1bf69) Importer(815301076,1909f56bfc062723c751e8b465ee728b)  -> (artifact id: 'f1eb0c2c7b2f094914ff4d7a382a9905') in 0.008418 seconds 
========================================================================
Received Import Request.
  Time since last request: 8.890325 seconds.
  path: Assets/Characters/Player/AC_player.controller
  artifactKey: Guid(7b7d306536c86ca47b265c6b681e2cb9) Importer(815301076,1909f56bfc062723c751e8b465ee728b)
Start importing Assets/Characters/Player/AC_player.controller using Guid(7b7d306536c86ca47b265c6b681e2cb9) Importer(815301076,1909f56bfc062723c751e8b465ee728b)  -> (artifact id: 'a7c37584c120fce0cbd24bb7eaf74ff9') in 0.022749 seconds 
========================================================================
Received Import Request.
  Time since last request: 25.196113 seconds.
  path: Assets/Characters/Player/AC_Player.controller
  artifactKey: Guid(7b7d306536c86ca47b265c6b681e2cb9) Importer(815301076,1909f56bfc062723c751e8b465ee728b)
Start importing Assets/Characters/Player/AC_Player.controller using Guid(7b7d306536c86ca47b265c6b681e2cb9) Importer(815301076,1909f56bfc062723c751e8b465ee728b)  -> (artifact id: '79042023a3bef40503733b2be24f508c') in 0.016089 seconds 
========================================================================
Received Import Request.
  Time since last request: 14.115162 seconds.
  path: Assets/Characters/Player/Player.prefab
  artifactKey: Guid(982c9ae1ed330e2478bcdd72fa985844) Importer(815301076,1909f56bfc062723c751e8b465ee728b)
Start importing Assets/Characters/Player/Player.prefab using Guid(982c9ae1ed330e2478bcdd72fa985844) Importer(815301076,1909f56bfc062723c751e8b465ee728b)  -> (artifact id: 'c3a09292480d5658d2223f450e446d9c') in 0.028882 seconds 
========================================================================
Received Import Request.
  Time since last request: 195.847750 seconds.
  path: Assets/Asset packs/Modern tiles_Free/Characters_free/RPGMAKERMV/Characters_MV.png
  artifactKey: Guid(16683331816cac048b2874bdb615ed43) Importer(815301076,1909f56bfc062723c751e8b465ee728b)
Start importing Assets/Asset packs/Modern tiles_Free/Characters_free/RPGMAKERMV/Characters_MV.png using Guid(16683331816cac048b2874bdb615ed43) Importer(815301076,1909f56bfc062723c751e8b465ee728b)  -> (artifact id: '7994a7c66b70d2161e087545c742fb31') in 0.212900 seconds 
========================================================================
Received Import Request.
  Time since last request: 0.852280 seconds.
  path: Assets/Asset packs/Modern tiles_Free/Characters_free/Adam_16x16.png
  artifactKey: Guid(a5ec6b82f7e518440a0f685f232d7a8f) Importer(815301076,1909f56bfc062723c751e8b465ee728b)
Start importing Assets/Asset packs/Modern tiles_Free/Characters_free/Adam_16x16.png using Guid(a5ec6b82f7e518440a0f685f232d7a8f) Importer(815301076,1909f56bfc062723c751e8b465ee728b)  -> (artifact id: '18b6605f6f27c880851f31d17af652ed') in 0.025877 seconds 
========================================================================
Received Import Request.
  Time since last request: 0.008212 seconds.
  path: Assets/Asset packs/Modern tiles_Free/Characters_free/Adam_sit3_16x16.png
  artifactKey: Guid(352e5849fe87f924a9ec0337946d8792) Importer(815301076,1909f56bfc062723c751e8b465ee728b)
Start importing Assets/Asset packs/Modern tiles_Free/Characters_free/Adam_sit3_16x16.png using Guid(352e5849fe87f924a9ec0337946d8792) Importer(815301076,1909f56bfc062723c751e8b465ee728b)  -> (artifact id: '63f91a2d56ae7adddcd306d5feb460af') in 0.026957 seconds 
========================================================================
Received Import Request.
  Time since last request: 0.000044 seconds.
  path: Assets/Asset packs/Modern tiles_Free/Characters_free/Bob_idle_anim_16x16.png
  artifactKey: Guid(d6063ce0936e8d640bd40fc7c563ab9a) Importer(815301076,1909f56bfc062723c751e8b465ee728b)
Start importing Assets/Asset packs/Modern tiles_Free/Characters_free/Bob_idle_anim_16x16.png using Guid(d6063ce0936e8d640bd40fc7c563ab9a) Importer(815301076,1909f56bfc062723c751e8b465ee728b)  -> (artifact id: '05b54b6f8fe7ed318ea7bb4e292dbb84') in 0.035876 seconds 
========================================================================
Received Import Request.
  Time since last request: 0.000047 seconds.
  path: Assets/Asset packs/Modern tiles_Free/Characters_free/Bob_sit2_16x16.png
  artifactKey: Guid(b839e69928b9ad74e82ed2ce78106ab0) Importer(815301076,1909f56bfc062723c751e8b465ee728b)
Start importing Assets/Asset packs/Modern tiles_Free/Characters_free/Bob_sit2_16x16.png using Guid(b839e69928b9ad74e82ed2ce78106ab0) Importer(815301076,1909f56bfc062723c751e8b465ee728b)  -> (artifact id: '31d180daabe5729c042d5d21055f499a') in 0.026779 seconds 
========================================================================
Received Import Request.
  Time since last request: 0.000240 seconds.
  path: Assets/Asset packs/Modern tiles_Free/Characters_free/Bob_sit_16x16.png
  artifactKey: Guid(43ca817dfb088a448abf493148045b81) Importer(815301076,1909f56bfc062723c751e8b465ee728b)
Start importing Assets/Asset packs/Modern tiles_Free/Characters_free/Bob_sit_16x16.png using Guid(43ca817dfb088a448abf493148045b81) Importer(815301076,1909f56bfc062723c751e8b465ee728b)  -> (artifact id: 'b21f7e7e47d3d4937d4f9d5a2dda867b') in 0.031588 seconds 
========================================================================
Received Import Request.
  Time since last request: 0.000043 seconds.
  path: Assets/Asset packs/Modern tiles_Free/Characters_free/Amelia_idle_anim_16x16.png
  artifactKey: Guid(eaaad6e2137b6624cbf90ef18d5ffb1c) Importer(815301076,1909f56bfc062723c751e8b465ee728b)
Start importing Assets/Asset packs/Modern tiles_Free/Characters_free/Amelia_idle_anim_16x16.png using Guid(eaaad6e2137b6624cbf90ef18d5ffb1c) Importer(815301076,1909f56bfc062723c751e8b465ee728b)  -> (artifact id: '625dd18ad71fb43644de1d01d23533c3') in 0.020440 seconds 
========================================================================
Received Import Request.
  Time since last request: 0.000081 seconds.
  path: Assets/Asset packs/Modern tiles_Free/Characters_free/Bob_run_16x16.png
  artifactKey: Guid(7b0daabb08ede9a4580234eef39ed098) Importer(815301076,1909f56bfc062723c751e8b465ee728b)
Start importing Assets/Asset packs/Modern tiles_Free/Characters_free/Bob_run_16x16.png using Guid(7b0daabb08ede9a4580234eef39ed098) Importer(815301076,1909f56bfc062723c751e8b465ee728b)  -> (artifact id: '3f859f42afebc46e645e05ff3a084b6b') in 0.026440 seconds 
========================================================================
Received Import Request.
  Time since last request: 0.000030 seconds.
  path: Assets/Asset packs/Modern tiles_Free/Characters_free/Amelia_phone_16x16.png
  artifactKey: Guid(fd8f04d5379e0234f85e70d5eec8dc05) Importer(815301076,1909f56bfc062723c751e8b465ee728b)
Start importing Assets/Asset packs/Modern tiles_Free/Characters_free/Amelia_phone_16x16.png using Guid(fd8f04d5379e0234f85e70d5eec8dc05) Importer(815301076,1909f56bfc062723c751e8b465ee728b)  -> (artifact id: '9094cd3c79cfe9a82db8bc3972ed4b2c') in 0.022346 seconds 
========================================================================
Received Import Request.
  Time since last request: 0.000042 seconds.
  path: Assets/Asset packs/Modern tiles_Free/Characters_free/Alex_16x16.png
  artifactKey: Guid(7068c3cd8f214184294a3ba07ceb91cc) Importer(815301076,1909f56bfc062723c751e8b465ee728b)
Start importing Assets/Asset packs/Modern tiles_Free/Characters_free/Alex_16x16.png using Guid(7068c3cd8f214184294a3ba07ceb91cc) Importer(815301076,1909f56bfc062723c751e8b465ee728b)  -> (artifact id: '13ea83ba646cffc0f3f58c4678f2713d') in 0.028547 seconds 
========================================================================
Received Import Request.
  Time since last request: 0.000061 seconds.
  path: Assets/Asset packs/Modern tiles_Free/Characters_free/Amelia_sit_16x16.png
  artifactKey: Guid(88f48e0735bb1b8469954b1785fe6b9d) Importer(815301076,1909f56bfc062723c751e8b465ee728b)
Start importing Assets/Asset packs/Modern tiles_Free/Characters_free/Amelia_sit_16x16.png using Guid(88f48e0735bb1b8469954b1785fe6b9d) Importer(815301076,1909f56bfc062723c751e8b465ee728b)  -> (artifact id: '794481e8b85447fe5b65ea0678c31252') in 0.037273 seconds 
========================================================================
Received Import Request.
  Time since last request: 0.000089 seconds.
  path: Assets/Asset packs/Modern tiles_Free/Characters_free/Alex_run_16x16.png
  artifactKey: Guid(375cf345e293fb74f9aa259fd56c1803) Importer(815301076,1909f56bfc062723c751e8b465ee728b)
Start importing Assets/Asset packs/Modern tiles_Free/Characters_free/Alex_run_16x16.png using Guid(375cf345e293fb74f9aa259fd56c1803) Importer(815301076,1909f56bfc062723c751e8b465ee728b)  -> (artifact id: '4b735de7aa66823066bbf3d23439298c') in 0.035208 seconds 
========================================================================
Received Import Request.
  Time since last request: 0.000041 seconds.
  path: Assets/Asset packs/Modern tiles_Free/Characters_free/Adam_sit_16x16.png
  artifactKey: Guid(33914feec4edb01469b1bc95b96235d5) Importer(815301076,1909f56bfc062723c751e8b465ee728b)
Start importing Assets/Asset packs/Modern tiles_Free/Characters_free/Adam_sit_16x16.png using Guid(33914feec4edb01469b1bc95b96235d5) Importer(815301076,1909f56bfc062723c751e8b465ee728b)  -> (artifact id: '514e5f185b4f3a1544ea307dfc77f776') in 0.025954 seconds 
========================================================================
Received Import Request.
  Time since last request: 0.000048 seconds.
  path: Assets/Asset packs/Modern tiles_Free/Characters_free/Alex_sit3_16x16.png
  artifactKey: Guid(22ac8005d9a51aa419fead4d858da6b5) Importer(815301076,1909f56bfc062723c751e8b465ee728b)
Start importing Assets/Asset packs/Modern tiles_Free/Characters_free/Alex_sit3_16x16.png using Guid(22ac8005d9a51aa419fead4d858da6b5) Importer(815301076,1909f56bfc062723c751e8b465ee728b)  -> (artifact id: 'aa659db2b9105a3fcdfef3d10109e147') in 0.026641 seconds 
========================================================================
Received Import Request.
  Time since last request: 0.000047 seconds.
  path: Assets/Asset packs/Modern tiles_Free/Characters_free/Amelia_16x16.png
  artifactKey: Guid(70414f07336c74d45857c2f40399d9ac) Importer(815301076,1909f56bfc062723c751e8b465ee728b)
Start importing Assets/Asset packs/Modern tiles_Free/Characters_free/Amelia_16x16.png using Guid(70414f07336c74d45857c2f40399d9ac) Importer(815301076,1909f56bfc062723c751e8b465ee728b)  -> (artifact id: '2c0d482d487a264e28c610179b7fe2cc') in 0.026861 seconds 
========================================================================
Received Import Request.
  Time since last request: 0.000035 seconds.
  path: Assets/Asset packs/Modern tiles_Free/Characters_free/Amelia_run_16x16.png
  artifactKey: Guid(3e72dd33aa8ae594399975a10c9f35f3) Importer(815301076,1909f56bfc062723c751e8b465ee728b)
Start importing Assets/Asset packs/Modern tiles_Free/Characters_free/Amelia_run_16x16.png using Guid(3e72dd33aa8ae594399975a10c9f35f3) Importer(815301076,1909f56bfc062723c751e8b465ee728b)  -> (artifact id: '6efc05d0604afcdbcd53082c15b5e506') in 0.022510 seconds 
========================================================================
Received Import Request.
  Time since last request: 0.000039 seconds.
  path: Assets/Asset packs/Modern tiles_Free/Characters_free/Amelia_sit3_16x16.png
  artifactKey: Guid(a0f452a849849564e913980ae8655ef5) Importer(815301076,1909f56bfc062723c751e8b465ee728b)
Start importing Assets/Asset packs/Modern tiles_Free/Characters_free/Amelia_sit3_16x16.png using Guid(a0f452a849849564e913980ae8655ef5) Importer(815301076,1909f56bfc062723c751e8b465ee728b)  -> (artifact id: '79eb76c92b52a42827139858082ceb7a') in 0.027187 seconds 
========================================================================
Received Import Request.
  Time since last request: 0.000058 seconds.
  path: Assets/Asset packs/Modern tiles_Free/Characters_free/Alex_sit2_16x16.png
  artifactKey: Guid(9f0fc1ca2667f864b9db2263fbc45d4f) Importer(815301076,1909f56bfc062723c751e8b465ee728b)
Start importing Assets/Asset packs/Modern tiles_Free/Characters_free/Alex_sit2_16x16.png using Guid(9f0fc1ca2667f864b9db2263fbc45d4f) Importer(815301076,1909f56bfc062723c751e8b465ee728b)  -> (artifact id: 'd07de71e7b1dbd08ddc023bb70357be1') in 0.026584 seconds 
========================================================================
Received Import Request.
  Time since last request: 0.000033 seconds.
  path: Assets/Asset packs/Modern tiles_Free/Characters_free/Bob_idle_16x16.png
  artifactKey: Guid(a78e9897367a7f54ab94836e2ce30556) Importer(815301076,1909f56bfc062723c751e8b465ee728b)
Start importing Assets/Asset packs/Modern tiles_Free/Characters_free/Bob_idle_16x16.png using Guid(a78e9897367a7f54ab94836e2ce30556) Importer(815301076,1909f56bfc062723c751e8b465ee728b)  -> (artifact id: '8b73269f7a103499e721428d73c1e1df') in 0.026821 seconds 
========================================================================
Received Import Request.
  Time since last request: 0.000055 seconds.
  path: Assets/Asset packs/Modern tiles_Free/Characters_free/Bob_sit3_16x16.png
  artifactKey: Guid(d3a5097f38fddb5448ed9bc19e83858d) Importer(815301076,1909f56bfc062723c751e8b465ee728b)
Start importing Assets/Asset packs/Modern tiles_Free/Characters_free/Bob_sit3_16x16.png using Guid(d3a5097f38fddb5448ed9bc19e83858d) Importer(815301076,1909f56bfc062723c751e8b465ee728b)  -> (artifact id: 'addb65f393a454d9eade75d90c3edc1d') in 0.030397 seconds 
Editor requested this worker to shutdown with reason: Scaling down because of idle timeout
AssetImportWorker is now disconnected from the server
Process exiting
Exiting without the bug reporter. Application will terminate with return code 0